<?xml version="1.0" encoding="UTF-8"?>
<!-- Generated by org.testng.reporters.JUnitReportReporter -->
<testsuite skipped="0" hostname="KaVi-KRC69E0" name="org.test_assign.Assign_Redbus" tests="1" failures="0" timestamp="12 Aug 2019 06:17:00 GMT" time="37.964" errors="0">
  <testcase name="redBus" time="37.964" classname="org.test_assign.Assign_Redbus"/>
</testsuite> <!-- org.test_assign.Assign_Redbus -->
