<?xml version="1.0" encoding="UTF-8"?>
<!-- Generated by org.testng.reporters.JUnitReportReporter -->
<testsuite skipped="0" hostname="KaVi-KRC69E0" name="org.testng.TestNG_Include" tests="1" failures="0" timestamp="10 Aug 2019 14:28:03 GMT" time="0.020" errors="0">
  <testcase name="bTest" time="0.020" classname="org.testng.TestNG_Include"/>
</testsuite> <!-- org.testng.TestNG_Include -->
