<?xml version="1.0" encoding="UTF-8"?>
<!-- Generated by org.testng.reporters.JUnitReportReporter -->
<testsuite skipped="0" hostname="KaVi-KRC69E0" name="org.testng.TestNG_Selenium" tests="2" failures="0" timestamp="12 Aug 2019 06:51:46 GMT" time="4.110" errors="0">
  <testcase name="bTest" time="3.413" classname="org.testng.TestNG_Selenium"/>
  <testcase name="aTest" time="0.697" classname="org.testng.TestNG_Selenium"/>
</testsuite> <!-- org.testng.TestNG_Selenium -->
