<?xml version="1.0" encoding="UTF-8"?>
<!-- Generated by org.testng.reporters.JUnitReportReporter -->
<testsuite skipped="0" hostname="KaVi-KRC69E0" name="org.testng.TestNG_Invocation" tests="5" failures="0" timestamp="10 Aug 2019 14:30:18 GMT" time="101.641" errors="0">
  <testcase name="atest" time="20.056" classname="org.testng.TestNG_Invocation"/>
  <testcase name="atest" time="16.617" classname="org.testng.TestNG_Invocation"/>
  <testcase name="atest" time="13.148" classname="org.testng.TestNG_Invocation"/>
  <testcase name="atest" time="32.049" classname="org.testng.TestNG_Invocation"/>
  <testcase name="atest" time="19.771" classname="org.testng.TestNG_Invocation"/>
</testsuite> <!-- org.testng.TestNG_Invocation -->
