<?xml version="1.0" encoding="UTF-8"?>
<!-- Generated by org.testng.reporters.JUnitReportReporter -->
<testsuite skipped="0" hostname="KaVi-KRC69E0" name="org.testng.TestNG_PassValue" tests="1" failures="0" timestamp="10 Aug 2019 14:44:33 GMT" time="18.173" errors="0">
  <testcase name="aTest" time="18.173" classname="org.testng.TestNG_PassValue"/>
</testsuite> <!-- org.testng.TestNG_PassValue -->
