<?xml version="1.0" encoding="UTF-8"?>
<!-- Generated by org.testng.reporters.JUnitReportReporter -->
<testsuite skipped="0" hostname="KaVi-KRC69E0" name="org.testng.TestNG_Priority" tests="4" failures="0" timestamp="10 Aug 2019 14:30:46 GMT" time="0.047" errors="0">
  <testcase name="test2" time="0.011" classname="org.testng.TestNG_Priority"/>
  <testcase name="test1" time="0.012" classname="org.testng.TestNG_Priority"/>
  <testcase name="test3" time="0.012" classname="org.testng.TestNG_Priority"/>
  <testcase name="test4" time="0.012" classname="org.testng.TestNG_Priority"/>
</testsuite> <!-- org.testng.TestNG_Priority -->
