<?xml version="1.0" encoding="UTF-8"?>
<!-- Generated by org.testng.reporters.JUnitReportReporter -->
<testsuite skipped="0" hostname="KaVi-KRC69E0" name="org.testng.TestNG_1" tests="2" failures="0" timestamp="19 Aug 2019 13:16:28 GMT" time="0.013" errors="0">
  <testcase name="test2" time="0.001" classname="org.testng.TestNG_1"/>
  <testcase name="test1" time="0.012" classname="org.testng.TestNG_1"/>
</testsuite> <!-- org.testng.TestNG_1 -->
