<?xml version="1.0" encoding="UTF-8"?>
<!-- Generated by org.testng.reporters.JUnitReportReporter -->
<testsuite skipped="1" hostname="KaVi-KRC69E0" name="org.testng.TestNG_Ignore" tests="3" failures="0" timestamp="10 Aug 2019 14:26:54 GMT" time="0.022" errors="0">
  <testcase name="cTest" time="0.005" classname="org.testng.TestNG_Ignore"/>
  <testcase name="aTest" time="0.017" classname="org.testng.TestNG_Ignore"/>
  <testcase name="bTest" classname="org.testng.TestNG_Ignore">
    <skipped/>
  </testcase> <!-- bTest -->
</testsuite> <!-- org.testng.TestNG_Ignore -->
