<?xml version="1.0" encoding="UTF-8"?>
<!-- Generated by org.testng.reporters.JUnitReportReporter -->
<testsuite skipped="0" hostname="KaVi-KRC69E0" name="org.testng.New" tests="2" failures="0" timestamp="19 Aug 2019 14:14:37 GMT" time="0.022" errors="0">
  <testcase name="Start" time="0.002" classname="org.testng.New"/>
  <testcase name="Launch" time="0.020" classname="org.testng.New"/>
</testsuite> <!-- org.testng.New -->
