<?xml version="1.0" encoding="UTF-8"?>
<!-- Generated by org.testng.reporters.JUnitReportReporter -->
<testsuite skipped="0" hostname="KaVi-KRC69E0" name="org.testng.TestNG_Optional" tests="1" failures="0" timestamp="10 Aug 2019 12:24:19 GMT" time="13.408" errors="0">
  <testcase name="aTest" time="13.408" classname="org.testng.TestNG_Optional"/>
</testsuite> <!-- org.testng.TestNG_Optional -->
