<?xml version="1.0" encoding="UTF-8"?>
<!-- Generated by org.testng.reporters.JUnitReportReporter -->
<testsuite skipped="0" hostname="KaVi-KRC69E0" name="org.test_assign.Assign1" tests="1" failures="0" timestamp="12 Aug 2019 07:27:50 GMT" time="33.092" errors="0">
  <testcase name="aTest" time="33.092" classname="org.test_assign.Assign1"/>
</testsuite> <!-- org.test_assign.Assign1 -->
